{"/home/ebube-ireneaus/Desktop/Tutorial/Github Actions/unit-texting-tutorial/unit-text-tutorial/src/appOperation.js": {"path":"/home/ebube-ireneaus/Desktop/Tutorial/Github Actions/unit-texting-tutorial/unit-text-tutorial/src/appOperation.js","statementMap":{"0":{"start":{"line":2,"column":4},"end":{"line":2,"column":22}},"1":{"start":{"line":5,"column":0},"end":{"line":5,"column":25}}},"fnMap":{"0":{"name":"multiply","decl":{"start":{"line":1,"column":9},"end":{"line":1,"column":17}},"loc":{"start":{"line":1,"column":30},"end":{"line":3,"column":1}},"line":1}},"branchMap":{},"s":{"0":3,"1":1},"f":{"0":3},"b":{},"_coverageSchema":"1a1c01bbd47fc00a2c39e90264f33305004495a9","hash":"11bed596dbd1c2a6c1b936dcaa86362d587f2dee"}
}
